# This file was automatically created by FeynRules 2.3.43
# Mathematica version: 12.1.0 for Microsoft Windows (64-bit) (March 18, 2020)
# Date: Mon 18 Sep 2023 17:44:21


# 
# This is the logfile for the model fips-jets

# Authors: M.Ovchynnikov
# Model version: 1.0
# Checking the Quantum numbers
   * Electric charge defined.
# Checking the Lagrangians
   * All Lagrangians are ok.
#
# Particle definitions
#

   * No particles removed. All particles correspond to GenInt setup.

# Automatically assigned PDG numbers
   * Assigned PDG number 9000001 to particle ghA
   * Assigned PDG number 9000002 to particle ghZ
   * Assigned PDG number 9000003 to particle ghWp
   * Assigned PDG number 9000004 to particle ghWm


# Compulsory PDG codes:
   * Class SM leptons complete.
   * Class SM neutrinos complete.
   * Class SM quarks complete.
   * Class SM gauge bosons complete.
#
# Parameter definitions
#

   * All parameters are ok.


# Vertices
   * Calling FeynmanRules for 1 Lagrangians.
   * Number of classes vertices: 128
   * Number of flavored vertices: 154
   * Saved vertices in InterfaceRun[ 1 ].
   * Checked QNumber conservation.
      - Quantum number GhostNumber conserved in all vertices.
      - Quantum number LeptonNumber NOT conserved in the following vertices
          {W, hnlbar, e}
          {W, hnlbar, mu}
          {W, hnlbar, ta}
          {Wbar, ebar, hnl}
          {Wbar, mubar, hnl}
          {Wbar, tabar, hnl}
          {Z, hnlbar, ve}
          {Z, hnlbar, vm}
          {Z, hnlbar, vt}
          {Z, vebar, hnl}
          {Z, vmbar, hnl}
          {Z, vtbar, hnl}
      - Quantum number Q conserved in all vertices.
      - Quantum number Y conserved in all vertices.
   * particles.py written.
   * parameters.py written.
#
# Vertex definitions
#

   * 154 vertices written.
   * vertices.py written.
#
# Lorentz structure definitions
#

   * 30 lorentz structures written.
   * lorentz.py written.
#
# Coupling definitions
#

   * 87 couplings written.
   * couplings.py written.
#
# Coupling order definitions
#

   * 0 couplings orders written.
   * coupling_orders.py written.
#
# Decay definitions
#

   * 11 decays written.
   * decay.py not written
#
# CTCoupling definitions
#

   * 0 CTcouplings written.
   * CT_couplings.py written.
